<?xml version="1.0" encoding="UTF-8"?>
<!-- Generated by org.testng.reporters.JUnitReportReporter -->
<testsuite skipped="0" hostname="DESKTOP-IVQQQE2" name="tests.Verify" tests="1" failures="0" timestamp="2021-04-06T08:54:56 IST" time="1.467" errors="0">
  <testcase name="test" time="1.467" classname="tests.Verify"/>
  <system-out/>
</testsuite> <!-- tests.Verify -->
