<?xml version="1.0" encoding="UTF-8"?>
<!-- Generated by org.testng.reporters.JUnitReportReporter -->
<testsuite skipped="0" hostname="DESKTOP-IVQQQE2" name="tests.WeatherInfoFromAPITest" tests="1" failures="0" timestamp="2021-04-06T14:21:05 IST" time="4.145" errors="0">
  <testcase name="getWeatherInfoFromAPITest" time="4.145" classname="tests.WeatherInfoFromAPITest"/>
  <system-out/>
</testsuite> <!-- tests.WeatherInfoFromAPITest -->
