<?xml version="1.0" encoding="UTF-8"?>
<!-- Generated by org.testng.reporters.JUnitReportReporter -->
<testsuite skipped="0" hostname="DESKTOP-IVQQQE2" name="tests.WeatherInfoFromUITest" tests="1" failures="0" timestamp="2021-04-06T14:21:05 IST" time="38.411" errors="0">
  <testcase name="getWeatherInfoFromUI_TC" time="38.411" classname="tests.WeatherInfoFromUITest"/>
  <system-out/>
</testsuite> <!-- tests.WeatherInfoFromUITest -->
